# JRE version: Java(TM) SE Runtime Environment (8.0_51-b16) (build 1.8.0_51-b16)
# Java VM: Java HotSpot(TM) 64-Bit Server VM (25.51-b03 mixed mode linux-amd64 compressed oops)
Heap:
 PSYoungGen      total 296960K, used 14947K [0x00000000eab00000, 0x0000000100000000, 0x0000000100000000)
  eden space 244736K, 3% used [0x00000000eab00000,0x00000000eb34ef10,0x00000000f9a00000)
  from space 52224K, 12% used [0x00000000f9a00000,0x00000000fa049e08,0x00000000fcd00000)
  to   space 52224K, 0% used [0x00000000fcd00000,0x00000000fcd00000,0x0000000100000000)
 ParOldGen       total 699392K, used 27332K [0x00000000c0000000, 0x00000000eab00000, 0x00000000eab00000)
  object space 699392K, 3% used [0x00000000c0000000,0x00000000c1ab1270,0x00000000eab00000)
 Metaspace       used 154761K, capacity 158949K, committed 161920K, reserved 1179648K
  class space    used 27901K, capacity 28837K, committed 31616K, reserved 1048576K
GC Heap History (10 events):
Event: 25226.973 GC heap before
{Heap before GC invocations=90 (full 5):
 PSYoungGen      total 300032K, used 272274K [0x00000000eab00000, 0x0000000100000000, 0x0000000100000000)
  eden space 248832K, 100% used [0x00000000eab00000,0x00000000f9e00000,0x00000000f9e00000)
  from space 51200K, 45% used [0x00000000fce00000,0x00000000fe4e4948,0x0000000100000000)
  to   space 49152K, 0% used [0x00000000f9e00000,0x00000000f9e00000,0x00000000fce00000)
 ParOldGen       total 699392K, used 26156K [0x00000000c0000000, 0x00000000eab00000, 0x00000000eab00000)
  object space 699392K, 3% used [0x00000000c0000000,0x00000000c198b1c0,0x00000000eab00000)
 Metaspace       used 148577K, capacity 152231K, committed 156800K, reserved 1175552K
  class space    used 26490K, capacity 27299K, committed 31616K, reserved 1048576K
Event: 25227.014 GC heap after
Heap after GC invocations=90 (full 5):
 PSYoungGen      total 297984K, used 35491K [0x00000000eab00000, 0x0000000100000000, 0x0000000100000000)
  eden space 248832K, 0% used [0x00000000eab00000,0x00000000eab00000,0x00000000f9e00000)
  from space 49152K, 72% used [0x00000000f9e00000,0x00000000fc0a8e08,0x00000000fce00000)
  to   space 51200K, 0% used [0x00000000fce00000,0x00000000fce00000,0x0000000100000000)
 ParOldGen       total 699392K, used 26340K [0x00000000c0000000, 0x00000000eab00000, 0x00000000eab00000)
  object space 699392K, 3% used [0x00000000c0000000,0x00000000c19b91d0,0x00000000eab00000)
 Metaspace       used 148577K, capacity 152231K, committed 156800K, reserved 1175552K
  class space    used 26490K, capacity 27299K, committed 31616K, reserved 1048576K
}
Event: 26405.164 GC heap before
{Heap before GC invocations=91 (full 5):
 PSYoungGen      total 297984K, used 284323K [0x00000000eab00000, 0x0000000100000000, 0x0000000100000000)
  eden space 248832K, 100% used [0x00000000eab00000,0x00000000f9e00000,0x00000000f9e00000)
  from space 49152K, 72% used [0x00000000f9e00000,0x00000000fc0a8e08,0x00000000fce00000)
  to   space 51200K, 0% used [0x00000000fce00000,0x00000000fce00000,0x0000000100000000)
 ParOldGen       total 699392K, used 26340K [0x00000000c0000000, 0x00000000eab00000, 0x00000000eab00000)
  object space 699392K, 3% used [0x00000000c0000000,0x00000000c19b91d0,0x00000000eab00000)
 Metaspace       used 150439K, capacity 154259K, committed 158336K, reserved 1175552K
  class space    used 26896K, capacity 27735K, committed 31616K, reserved 1048576K
Event: 26405.177 GC heap after
Heap after GC invocations=91 (full 5):
 PSYoungGen      total 297984K, used 7208K [0x00000000eab00000, 0x0000000100000000, 0x0000000100000000)
  eden space 246784K, 0% used [0x00000000eab00000,0x00000000eab00000,0x00000000f9c00000)
  from space 51200K, 14% used [0x00000000fce00000,0x00000000fd50a378,0x0000000100000000)
  to   space 51200K, 0% used [0x00000000f9c00000,0x00000000f9c00000,0x00000000fce00000)
 ParOldGen       total 699392K, used 26540K [0x00000000c0000000, 0x00000000eab00000, 0x00000000eab00000)
  object space 699392K, 3% used [0x00000000c0000000,0x00000000c19eb1e0,0x00000000eab00000)
 Metaspace       used 150439K, capacity 154259K, committed 158336K, reserved 1175552K
  class space    used 26896K, capacity 27735K, committed 31616K, reserved 1048576K
}
Event: 26503.131 GC heap before
{Heap before GC invocations=92 (full 5):
 PSYoungGen      total 297984K, used 253992K [0x00000000eab00000, 0x0000000100000000, 0x0000000100000000)
  eden space 246784K, 100% used [0x00000000eab00000,0x00000000f9c00000,0x00000000f9c00000)
  from space 51200K, 14% used [0x00000000fce00000,0x00000000fd50a378,0x0000000100000000)
  to   space 51200K, 0% used [0x00000000f9c00000,0x00000000f9c00000,0x00000000fce00000)
 ParOldGen       total 699392K, used 26540K [0x00000000c0000000, 0x00000000eab00000, 0x00000000eab00000)
  object space 699392K, 3% used [0x00000000c0000000,0x00000000c19eb1e0,0x00000000eab00000)
 Metaspace       used 151184K, capacity 155105K, committed 158592K, reserved 1175552K
  class space    used 27244K, capacity 28137K, committed 31616K, reserved 1048576K
Event: 26503.156 GC heap after
Heap after GC invocations=92 (full 5):
 PSYoungGen      total 297984K, used 27013K [0x00000000eab00000, 0x0000000100000000, 0x0000000100000000)
  eden space 246784K, 0% used [0x00000000eab00000,0x00000000eab00000,0x00000000f9c00000)
  from space 51200K, 52% used [0x00000000f9c00000,0x00000000fb661730,0x00000000fce00000)
  to   space 50176K, 0% used [0x00000000fcf00000,0x00000000fcf00000,0x0000000100000000)
 ParOldGen       total 699392K, used 26692K [0x00000000c0000000, 0x00000000eab00000, 0x00000000eab00000)
  object space 699392K, 3% used [0x00000000c0000000,0x00000000c1a111f0,0x00000000eab00000)
 Metaspace       used 151184K, capacity 155105K, committed 158592K, reserved 1175552K
  class space    used 27244K, capacity 28137K, committed 31616K, reserved 1048576K
}
Event: 26504.619 GC heap before
{Heap before GC invocations=93 (full 5):
 PSYoungGen      total 297984K, used 273797K [0x00000000eab00000, 0x0000000100000000, 0x0000000100000000)
  eden space 246784K, 100% used [0x00000000eab00000,0x00000000f9c00000,0x00000000f9c00000)
  from space 51200K, 52% used [0x00000000f9c00000,0x00000000fb661730,0x00000000fce00000)
  to   space 50176K, 0% used [0x00000000fcf00000,0x00000000fcf00000,0x0000000100000000)
 ParOldGen       total 699392K, used 26692K [0x00000000c0000000, 0x00000000eab00000, 0x00000000eab00000)
  object space 699392K, 3% used [0x00000000c0000000,0x00000000c1a111f0,0x00000000eab00000)
 Metaspace       used 151950K, capacity 155899K, committed 159360K, reserved 1177600K
  class space    used 27452K, capacity 28335K, committed 31616K, reserved 1048576K
Event: 26504.655 GC heap after
Heap after GC invocations=93 (full 5):
 PSYoungGen      total 294912K, used 35063K [0x00000000eab00000, 0x0000000100000000, 0x0000000100000000)
  eden space 244736K, 0% used [0x00000000eab00000,0x00000000eab00000,0x00000000f9a00000)
  from space 50176K, 69% used [0x00000000fcf00000,0x00000000ff13dfc8,0x0000000100000000)
  to   space 52224K, 0% used [0x00000000f9a00000,0x00000000f9a00000,0x00000000fcd00000)
 ParOldGen       total 699392K, used 26900K [0x00000000c0000000, 0x00000000eab00000, 0x00000000eab00000)
  object space 699392K, 3% used [0x00000000c0000000,0x00000000c1a45210,0x00000000eab00000)
 Metaspace       used 151950K, capacity 155899K, committed 159360K, reserved 1177600K
  class space    used 27452K, capacity 28335K, committed 31616K, reserved 1048576K
}
Event: 26546.791 GC heap before
{Heap before GC invocations=94 (full 5):
 PSYoungGen      total 294912K, used 279799K [0x00000000eab00000, 0x0000000100000000, 0x0000000100000000)
  eden space 244736K, 100% used [0x00000000eab00000,0x00000000f9a00000,0x00000000f9a00000)
  from space 50176K, 69% used [0x00000000fcf00000,0x00000000ff13dfc8,0x0000000100000000)
  to   space 52224K, 0% used [0x00000000f9a00000,0x00000000f9a00000,0x00000000fcd00000)
 ParOldGen       total 699392K, used 26900K [0x00000000c0000000, 0x00000000eab00000, 0x00000000eab00000)
  object space 699392K, 3% used [0x00000000c0000000,0x00000000c1a45210,0x00000000eab00000)
 Metaspace       used 153624K, capacity 157741K, committed 160896K, reserved 1179648K
  class space    used 27762K, capacity 28669K, committed 31616K, reserved 1048576K
Event: 26546.802 GC heap after
Heap after GC invocations=94 (full 5):
 PSYoungGen      total 296960K, used 6439K [0x00000000eab00000, 0x0000000100000000, 0x0000000100000000)
  eden space 244736K, 0% used [0x00000000eab00000,0x00000000eab00000,0x00000000f9a00000)
  from space 52224K, 12% used [0x00000000f9a00000,0x00000000fa049e08,0x00000000fcd00000)
  to   space 52224K, 0% used [0x00000000fcd00000,0x00000000fcd00000,0x0000000100000000)
 ParOldGen       total 699392K, used 27332K [0x00000000c0000000, 0x00000000eab00000, 0x00000000eab00000)
  object space 699392K, 3% used [0x00000000c0000000,0x00000000c1ab1270,0x00000000eab00000)
 Metaspace       used 153624K, capacity 157741K, committed 160896K, reserved 1179648K
  class space    used 27762K, capacity 28669K, committed 31616K, reserved 1048576K
}

